<?xml version="1.0" encoding="UTF-8"?>
<!-- Generated by org.testng.reporters.JUnitReportReporter -->
<testsuite hostname="DESKTOP-A2MA8SN" failures="0" tests="4" name="guru99bank.Guru99Test" time="9.118" errors="0" timestamp="2024-10-13T21:42:53 EET" skipped="0">
  <testcase classname="guru99bank.Guru99Test" name="createNewCustomerTest" time="4.565"/>
  <testcase classname="guru99bank.Guru99Test" name="editCustomerTest" time="2.164"/>
  <testcase classname="guru99bank.Guru99Test" name="createNewAccountTest" time="1.388"/>
  <testcase classname="guru99bank.Guru99Test" name="withdrawalTest" time="1.001"/>
</testsuite> <!-- guru99bank.Guru99Test -->
